# JRE version: Java(TM) SE Runtime Environment (8.0_131-b11) (build 1.8.0_131-b11)
# Java VM: Java HotSpot(TM) 64-Bit Server VM (25.131-b11 mixed mode windows-amd64 compressed oops)
Heap:
 PSYoungGen      total 189440K, used 32487K [0x00000000d5f00000, 0x00000000e4d00000, 0x0000000100000000)
  eden space 177152K, 18% used [0x00000000d5f00000,0x00000000d7eb9e10,0x00000000e0c00000)
  from space 12288K, 0% used [0x00000000e1800000,0x00000000e1800000,0x00000000e2400000)
  to   space 12288K, 0% used [0x00000000e0c00000,0x00000000e0c00000,0x00000000e1800000)
 ParOldGen       total 77824K, used 13416K [0x0000000081c00000, 0x0000000086800000, 0x00000000d5f00000)
  object space 77824K, 17% used [0x0000000081c00000,0x000000008291a080,0x0000000086800000)
 Metaspace       used 34214K, capacity 36118K, committed 36184K, reserved 1081344K
  class space    used 4391K, capacity 4721K, committed 4736K, reserved 1048576K
GC Heap History (10 events):
Event: 7.559 GC heap before
{Heap before GC invocations=6 (full 1):
 PSYoungGen      total 71680K, used 5102K [0x00000000d5f00000, 0x00000000df500000, 0x0000000100000000)
  eden space 66560K, 0% used [0x00000000d5f00000,0x00000000d5f00000,0x00000000da000000)
  from space 5120K, 99% used [0x00000000da000000,0x00000000da4fb9e0,0x00000000da500000)
  to   space 10240K, 0% used [0x00000000deb00000,0x00000000deb00000,0x00000000df500000)
 ParOldGen       total 87552K, used 9129K [0x0000000081c00000, 0x0000000087180000, 0x00000000d5f00000)
  object space 87552K, 10% used [0x0000000081c00000,0x00000000824ea768,0x0000000087180000)
 Metaspace       used 20225K, capacity 21124K, committed 21248K, reserved 1067008K
  class space    used 2494K, capacity 2700K, committed 2816K, reserved 1048576K
Event: 7.687 GC heap after
Heap after GC invocations=6 (full 1):
 PSYoungGen      total 71680K, used 0K [0x00000000d5f00000, 0x00000000df500000, 0x0000000100000000)
  eden space 66560K, 0% used [0x00000000d5f00000,0x00000000d5f00000,0x00000000da000000)
  from space 5120K, 0% used [0x00000000da000000,0x00000000da000000,0x00000000da500000)
  to   space 10240K, 0% used [0x00000000deb00000,0x00000000deb00000,0x00000000df500000)
 ParOldGen       total 56320K, used 8501K [0x0000000081c00000, 0x0000000085300000, 0x00000000d5f00000)
  object space 56320K, 15% used [0x0000000081c00000,0x000000008244d480,0x0000000085300000)
 Metaspace       used 20225K, capacity 21124K, committed 21248K, reserved 1067008K
  class space    used 2494K, capacity 2700K, committed 2816K, reserved 1048576K
}
Event: 10.149 GC heap before
{Heap before GC invocations=7 (full 1):
 PSYoungGen      total 71680K, used 66560K [0x00000000d5f00000, 0x00000000df500000, 0x0000000100000000)
  eden space 66560K, 100% used [0x00000000d5f00000,0x00000000da000000,0x00000000da000000)
  from space 5120K, 0% used [0x00000000da000000,0x00000000da000000,0x00000000da500000)
  to   space 10240K, 0% used [0x00000000deb00000,0x00000000deb00000,0x00000000df500000)
 ParOldGen       total 56320K, used 8501K [0x0000000081c00000, 0x0000000085300000, 0x00000000d5f00000)
  object space 56320K, 15% used [0x0000000081c00000,0x000000008244d480,0x0000000085300000)
 Metaspace       used 23458K, capacity 24672K, committed 24704K, reserved 1071104K
  class space    used 2935K, capacity 3200K, committed 3200K, reserved 1048576K
Event: 10.166 GC heap after
Heap after GC invocations=7 (full 1):
 PSYoungGen      total 116736K, used 5809K [0x00000000d5f00000, 0x00000000df100000, 0x0000000100000000)
  eden space 110592K, 0% used [0x00000000d5f00000,0x00000000d5f00000,0x00000000dcb00000)
  from space 6144K, 94% used [0x00000000deb00000,0x00000000df0ac768,0x00000000df100000)
  to   space 9728K, 0% used [0x00000000dde00000,0x00000000dde00000,0x00000000de780000)
 ParOldGen       total 56320K, used 8509K [0x0000000081c00000, 0x0000000085300000, 0x00000000d5f00000)
  object space 56320K, 15% used [0x0000000081c00000,0x000000008244f480,0x0000000085300000)
 Metaspace       used 23458K, capacity 24672K, committed 24704K, reserved 1071104K
  class space    used 2935K, capacity 3200K, committed 3200K, reserved 1048576K
}
Event: 15.727 GC heap before
{Heap before GC invocations=8 (full 1):
 PSYoungGen      total 116736K, used 116401K [0x00000000d5f00000, 0x00000000df100000, 0x0000000100000000)
  eden space 110592K, 100% used [0x00000000d5f00000,0x00000000dcb00000,0x00000000dcb00000)
  from space 6144K, 94% used [0x00000000deb00000,0x00000000df0ac768,0x00000000df100000)
  to   space 9728K, 0% used [0x00000000dde00000,0x00000000dde00000,0x00000000de780000)
 ParOldGen       total 56320K, used 8509K [0x0000000081c00000, 0x0000000085300000, 0x00000000d5f00000)
  object space 56320K, 15% used [0x0000000081c00000,0x000000008244f480,0x0000000085300000)
 Metaspace       used 31734K, capacity 33562K, committed 33920K, reserved 1079296K
  class space    used 4114K, capacity 4425K, committed 4480K, reserved 1048576K
Event: 15.743 GC heap after
Heap after GC invocations=8 (full 1):
 PSYoungGen      total 139776K, used 9727K [0x00000000d5f00000, 0x00000000e2400000, 0x0000000100000000)
  eden space 130048K, 0% used [0x00000000d5f00000,0x00000000d5f00000,0x00000000dde00000)
  from space 9728K, 99% used [0x00000000dde00000,0x00000000de77fe08,0x00000000de780000)
  to   space 12288K, 0% used [0x00000000e1800000,0x00000000e1800000,0x00000000e2400000)
 ParOldGen       total 56320K, used 11621K [0x0000000081c00000, 0x0000000085300000, 0x00000000d5f00000)
  object space 56320K, 20% used [0x0000000081c00000,0x0000000082759680,0x0000000085300000)
 Metaspace       used 31734K, capacity 33562K, committed 33920K, reserved 1079296K
  class space    used 4114K, capacity 4425K, committed 4480K, reserved 1048576K
}
Event: 17.214 GC heap before
{Heap before GC invocations=9 (full 1):
 PSYoungGen      total 139776K, used 46542K [0x00000000d5f00000, 0x00000000e2400000, 0x0000000100000000)
  eden space 130048K, 28% used [0x00000000d5f00000,0x00000000d82f3b58,0x00000000dde00000)
  from space 9728K, 99% used [0x00000000dde00000,0x00000000de77fe08,0x00000000de780000)
  to   space 12288K, 0% used [0x00000000e1800000,0x00000000e1800000,0x00000000e2400000)
 ParOldGen       total 56320K, used 11621K [0x0000000081c00000, 0x0000000085300000, 0x00000000d5f00000)
  object space 56320K, 20% used [0x0000000081c00000,0x0000000082759680,0x0000000085300000)
 Metaspace       used 33410K, capacity 35326K, committed 35416K, reserved 1079296K
  class space    used 4304K, capacity 4649K, committed 4736K, reserved 1048576K
Event: 17.323 GC heap after
Heap after GC invocations=9 (full 1):
 PSYoungGen      total 189440K, used 8352K [0x00000000d5f00000, 0x00000000e4d00000, 0x0000000100000000)
  eden space 177152K, 0% used [0x00000000d5f00000,0x00000000d5f00000,0x00000000e0c00000)
  from space 12288K, 67% used [0x00000000e1800000,0x00000000e2028138,0x00000000e2400000)
  to   space 12288K, 0% used [0x00000000e0c00000,0x00000000e0c00000,0x00000000e1800000)
 ParOldGen       total 56320K, used 11629K [0x0000000081c00000, 0x0000000085300000, 0x00000000d5f00000)
  object space 56320K, 20% used [0x0000000081c00000,0x000000008275b680,0x0000000085300000)
 Metaspace       used 33410K, capacity 35326K, committed 35416K, reserved 1079296K
  class space    used 4304K, capacity 4649K, committed 4736K, reserved 1048576K
}
Event: 17.323 GC heap before
{Heap before GC invocations=10 (full 2):
 PSYoungGen      total 189440K, used 8352K [0x00000000d5f00000, 0x00000000e4d00000, 0x0000000100000000)
  eden space 177152K, 0% used [0x00000000d5f00000,0x00000000d5f00000,0x00000000e0c00000)
  from space 12288K, 67% used [0x00000000e1800000,0x00000000e2028138,0x00000000e2400000)
  to   space 12288K, 0% used [0x00000000e0c00000,0x00000000e0c00000,0x00000000e1800000)
 ParOldGen       total 56320K, used 11629K [0x0000000081c00000, 0x0000000085300000, 0x00000000d5f00000)
  object space 56320K, 20% used [0x0000000081c00000,0x000000008275b680,0x0000000085300000)
 Metaspace       used 33410K, capacity 35326K, committed 35416K, reserved 1079296K
  class space    used 4304K, capacity 4649K, committed 4736K, reserved 1048576K
Event: 17.585 GC heap after
Heap after GC invocations=10 (full 2):
 PSYoungGen      total 189440K, used 0K [0x00000000d5f00000, 0x00000000e4d00000, 0x0000000100000000)
  eden space 177152K, 0% used [0x00000000d5f00000,0x00000000d5f00000,0x00000000e0c00000)
  from space 12288K, 0% used [0x00000000e1800000,0x00000000e1800000,0x00000000e2400000)
  to   space 12288K, 0% used [0x00000000e0c00000,0x00000000e0c00000,0x00000000e1800000)
 ParOldGen       total 77824K, used 13416K [0x0000000081c00000, 0x0000000086800000, 0x00000000d5f00000)
  object space 77824K, 17% used [0x0000000081c00000,0x000000008291a080,0x0000000086800000)
 Metaspace       used 33410K, capacity 35326K, committed 35416K, reserved 1079296K
  class space    used 4304K, capacity 4649K, committed 4736K, reserved 1048576K
}

